<?xml version="1.0" encoding="UTF-8"?>
<testsuite xmlns:xsi="http://www.w3.org/2001/XMLSchema-instance" xsi:noNamespaceSchemaLocation="https://maven.apache.org/surefire/maven-surefire-plugin/xsd/surefire-test-report.xsd" name="com.example.springbootkafka.producer.SpringbootKafkaProducerApplicationTests" time="4.575" tests="1" errors="0" skipped="0" failures="0">
  <properties>
    <property name="java.specification.version" value="13"/>
    <property name="sun.cpu.isalist" value="amd64"/>
    <property name="sun.jnu.encoding" value="Cp1252"/>
    <property name="java.class.path" value="D:\springboot-kafka producer\springboot-kafka-producer\target\test-classes;D:\springboot-kafka producer\springboot-kafka-producer\target\classes;C:\Users\karth\.m2\repository\org\springframework\boot\spring-boot-starter-web\2.3.5.RELEASE\spring-boot-starter-web-2.3.5.RELEASE.jar;C:\Users\karth\.m2\repository\org\springframework\boot\spring-boot-starter\2.3.5.RELEASE\spring-boot-starter-2.3.5.RELEASE.jar;C:\Users\karth\.m2\repository\org\springframework\boot\spring-boot\2.3.5.RELEASE\spring-boot-2.3.5.RELEASE.jar;C:\Users\karth\.m2\repository\org\springframework\boot\spring-boot-autoconfigure\2.3.5.RELEASE\spring-boot-autoconfigure-2.3.5.RELEASE.jar;C:\Users\karth\.m2\repository\org\springframework\boot\spring-boot-starter-logging\2.3.5.RELEASE\spring-boot-starter-logging-2.3.5.RELEASE.jar;C:\Users\karth\.m2\repository\ch\qos\logback\logback-classic\1.2.3\logback-classic-1.2.3.jar;C:\Users\karth\.m2\repository\ch\qos\logback\logback-core\1.2.3\logback-core-1.2.3.jar;C:\Users\karth\.m2\repository\org\apache\logging\log4j\log4j-to-slf4j\2.13.3\log4j-to-slf4j-2.13.3.jar;C:\Users\karth\.m2\repository\org\apache\logging\log4j\log4j-api\2.13.3\log4j-api-2.13.3.jar;C:\Users\karth\.m2\repository\org\slf4j\jul-to-slf4j\1.7.30\jul-to-slf4j-1.7.30.jar;C:\Users\karth\.m2\repository\jakarta\annotation\jakarta.annotation-api\1.3.5\jakarta.annotation-api-1.3.5.jar;C:\Users\karth\.m2\repository\org\yaml\snakeyaml\1.26\snakeyaml-1.26.jar;C:\Users\karth\.m2\repository\org\springframework\boot\spring-boot-starter-json\2.3.5.RELEASE\spring-boot-starter-json-2.3.5.RELEASE.jar;C:\Users\karth\.m2\repository\com\fasterxml\jackson\core\jackson-databind\2.11.3\jackson-databind-2.11.3.jar;C:\Users\karth\.m2\repository\com\fasterxml\jackson\core\jackson-annotations\2.11.3\jackson-annotations-2.11.3.jar;C:\Users\karth\.m2\repository\com\fasterxml\jackson\core\jackson-core\2.11.3\jackson-core-2.11.3.jar;C:\Users\karth\.m2\repository\com\fasterxml\jackson\datatype\jackson-datatype-jdk8\2.11.3\jackson-datatype-jdk8-2.11.3.jar;C:\Users\karth\.m2\repository\com\fasterxml\jackson\datatype\jackson-datatype-jsr310\2.11.3\jackson-datatype-jsr310-2.11.3.jar;C:\Users\karth\.m2\repository\com\fasterxml\jackson\module\jackson-module-parameter-names\2.11.3\jackson-module-parameter-names-2.11.3.jar;C:\Users\karth\.m2\repository\org\springframework\boot\spring-boot-starter-tomcat\2.3.5.RELEASE\spring-boot-starter-tomcat-2.3.5.RELEASE.jar;C:\Users\karth\.m2\repository\org\apache\tomcat\embed\tomcat-embed-core\9.0.39\tomcat-embed-core-9.0.39.jar;C:\Users\karth\.m2\repository\org\glassfish\jakarta.el\3.0.3\jakarta.el-3.0.3.jar;C:\Users\karth\.m2\repository\org\apache\tomcat\embed\tomcat-embed-websocket\9.0.39\tomcat-embed-websocket-9.0.39.jar;C:\Users\karth\.m2\repository\org\springframework\spring-web\5.2.10.RELEASE\spring-web-5.2.10.RELEASE.jar;C:\Users\karth\.m2\repository\org\springframework\spring-beans\5.2.10.RELEASE\spring-beans-5.2.10.RELEASE.jar;C:\Users\karth\.m2\repository\org\springframework\spring-webmvc\5.2.10.RELEASE\spring-webmvc-5.2.10.RELEASE.jar;C:\Users\karth\.m2\repository\org\springframework\spring-aop\5.2.10.RELEASE\spring-aop-5.2.10.RELEASE.jar;C:\Users\karth\.m2\repository\org\springframework\spring-expression\5.2.10.RELEASE\spring-expression-5.2.10.RELEASE.jar;C:\Users\karth\.m2\repository\org\springframework\kafka\spring-kafka\2.5.7.RELEASE\spring-kafka-2.5.7.RELEASE.jar;C:\Users\karth\.m2\repository\org\springframework\spring-context\5.2.10.RELEASE\spring-context-5.2.10.RELEASE.jar;C:\Users\karth\.m2\repository\org\springframework\spring-messaging\5.2.10.RELEASE\spring-messaging-5.2.10.RELEASE.jar;C:\Users\karth\.m2\repository\org\springframework\spring-tx\5.2.10.RELEASE\spring-tx-5.2.10.RELEASE.jar;C:\Users\karth\.m2\repository\org\springframework\retry\spring-retry\1.2.5.RELEASE\spring-retry-1.2.5.RELEASE.jar;C:\Users\karth\.m2\repository\org\apache\kafka\kafka-clients\2.5.1\kafka-clients-2.5.1.jar;C:\Users\karth\.m2\repository\com\github\luben\zstd-jni\1.4.4-7\zstd-jni-1.4.4-7.jar;C:\Users\karth\.m2\repository\org\lz4\lz4-java\1.7.1\lz4-java-1.7.1.jar;C:\Users\karth\.m2\repository\org\xerial\snappy\snappy-java\1.1.7.3\snappy-java-1.1.7.3.jar;C:\Users\karth\.m2\repository\org\slf4j\slf4j-api\1.7.30\slf4j-api-1.7.30.jar;C:\Users\karth\.m2\repository\org\springframework\boot\spring-boot-starter-test\2.3.5.RELEASE\spring-boot-starter-test-2.3.5.RELEASE.jar;C:\Users\karth\.m2\repository\org\springframework\boot\spring-boot-test\2.3.5.RELEASE\spring-boot-test-2.3.5.RELEASE.jar;C:\Users\karth\.m2\repository\org\springframework\boot\spring-boot-test-autoconfigure\2.3.5.RELEASE\spring-boot-test-autoconfigure-2.3.5.RELEASE.jar;C:\Users\karth\.m2\repository\com\jayway\jsonpath\json-path\2.4.0\json-path-2.4.0.jar;C:\Users\karth\.m2\repository\net\minidev\json-smart\2.3\json-smart-2.3.jar;C:\Users\karth\.m2\repository\net\minidev\accessors-smart\1.2\accessors-smart-1.2.jar;C:\Users\karth\.m2\repository\org\ow2\asm\asm\5.0.4\asm-5.0.4.jar;C:\Users\karth\.m2\repository\jakarta\xml\bind\jakarta.xml.bind-api\2.3.3\jakarta.xml.bind-api-2.3.3.jar;C:\Users\karth\.m2\repository\jakarta\activation\jakarta.activation-api\1.2.2\jakarta.activation-api-1.2.2.jar;C:\Users\karth\.m2\repository\org\assertj\assertj-core\3.16.1\assertj-core-3.16.1.jar;C:\Users\karth\.m2\repository\org\hamcrest\hamcrest\2.2\hamcrest-2.2.jar;C:\Users\karth\.m2\repository\org\junit\jupiter\junit-jupiter\5.6.3\junit-jupiter-5.6.3.jar;C:\Users\karth\.m2\repository\org\junit\jupiter\junit-jupiter-params\5.6.3\junit-jupiter-params-5.6.3.jar;C:\Users\karth\.m2\repository\org\junit\jupiter\junit-jupiter-engine\5.6.3\junit-jupiter-engine-5.6.3.jar;C:\Users\karth\.m2\repository\org\junit\platform\junit-platform-engine\1.6.3\junit-platform-engine-1.6.3.jar;C:\Users\karth\.m2\repository\org\mockito\mockito-core\3.3.3\mockito-core-3.3.3.jar;C:\Users\karth\.m2\repository\net\bytebuddy\byte-buddy\1.10.17\byte-buddy-1.10.17.jar;C:\Users\karth\.m2\repository\net\bytebuddy\byte-buddy-agent\1.10.17\byte-buddy-agent-1.10.17.jar;C:\Users\karth\.m2\repository\org\objenesis\objenesis\2.6\objenesis-2.6.jar;C:\Users\karth\.m2\repository\org\mockito\mockito-junit-jupiter\3.3.3\mockito-junit-jupiter-3.3.3.jar;C:\Users\karth\.m2\repository\org\skyscreamer\jsonassert\1.5.0\jsonassert-1.5.0.jar;C:\Users\karth\.m2\repository\com\vaadin\external\google\android-json\0.0.20131108.vaadin1\android-json-0.0.20131108.vaadin1.jar;C:\Users\karth\.m2\repository\org\springframework\spring-core\5.2.10.RELEASE\spring-core-5.2.10.RELEASE.jar;C:\Users\karth\.m2\repository\org\springframework\spring-jcl\5.2.10.RELEASE\spring-jcl-5.2.10.RELEASE.jar;C:\Users\karth\.m2\repository\org\springframework\spring-test\5.2.10.RELEASE\spring-test-5.2.10.RELEASE.jar;C:\Users\karth\.m2\repository\org\xmlunit\xmlunit-core\2.7.0\xmlunit-core-2.7.0.jar;C:\Users\karth\.m2\repository\org\springframework\kafka\spring-kafka-test\2.5.7.RELEASE\spring-kafka-test-2.5.7.RELEASE.jar;C:\Users\karth\.m2\repository\org\apache\kafka\kafka-clients\2.5.1\kafka-clients-2.5.1-test.jar;C:\Users\karth\.m2\repository\org\apache\kafka\kafka-streams\2.5.1\kafka-streams-2.5.1.jar;C:\Users\karth\.m2\repository\org\apache\kafka\connect-json\2.5.1\connect-json-2.5.1.jar;C:\Users\karth\.m2\repository\org\apache\kafka\connect-api\2.5.1\connect-api-2.5.1.jar;C:\Users\karth\.m2\repository\org\rocksdb\rocksdbjni\5.18.3\rocksdbjni-5.18.3.jar;C:\Users\karth\.m2\repository\org\apache\kafka\kafka-streams-test-utils\2.5.1\kafka-streams-test-utils-2.5.1.jar;C:\Users\karth\.m2\repository\org\apache\kafka\kafka_2.12\2.5.1\kafka_2.12-2.5.1.jar;C:\Users\karth\.m2\repository\com\fasterxml\jackson\module\jackson-module-scala_2.12\2.11.3\jackson-module-scala_2.12-2.11.3.jar;C:\Users\karth\.m2\repository\com\fasterxml\jackson\module\jackson-module-paranamer\2.11.3\jackson-module-paranamer-2.11.3.jar;C:\Users\karth\.m2\repository\com\thoughtworks\paranamer\paranamer\2.8\paranamer-2.8.jar;C:\Users\karth\.m2\repository\com\fasterxml\jackson\dataformat\jackson-dataformat-csv\2.11.3\jackson-dataformat-csv-2.11.3.jar;C:\Users\karth\.m2\repository\net\sf\jopt-simple\jopt-simple\5.0.4\jopt-simple-5.0.4.jar;C:\Users\karth\.m2\repository\com\yammer\metrics\metrics-core\2.2.0\metrics-core-2.2.0.jar;C:\Users\karth\.m2\repository\org\scala-lang\modules\scala-collection-compat_2.12\2.1.3\scala-collection-compat_2.12-2.1.3.jar;C:\Users\karth\.m2\repository\org\scala-lang\modules\scala-java8-compat_2.12\0.9.0\scala-java8-compat_2.12-0.9.0.jar;C:\Users\karth\.m2\repository\com\typesafe\scala-logging\scala-logging_2.12\3.9.2\scala-logging_2.12-3.9.2.jar;C:\Users\karth\.m2\repository\org\apache\zookeeper\zookeeper\3.5.8\zookeeper-3.5.8.jar;C:\Users\karth\.m2\repository\org\apache\zookeeper\zookeeper-jute\3.5.8\zookeeper-jute-3.5.8.jar;C:\Users\karth\.m2\repository\org\apache\yetus\audience-annotations\0.5.0\audience-annotations-0.5.0.jar;C:\Users\karth\.m2\repository\io\netty\netty-handler\4.1.53.Final\netty-handler-4.1.53.Final.jar;C:\Users\karth\.m2\repository\io\netty\netty-common\4.1.53.Final\netty-common-4.1.53.Final.jar;C:\Users\karth\.m2\repository\io\netty\netty-resolver\4.1.53.Final\netty-resolver-4.1.53.Final.jar;C:\Users\karth\.m2\repository\io\netty\netty-buffer\4.1.53.Final\netty-buffer-4.1.53.Final.jar;C:\Users\karth\.m2\repository\io\netty\netty-transport\4.1.53.Final\netty-transport-4.1.53.Final.jar;C:\Users\karth\.m2\repository\io\netty\netty-codec\4.1.53.Final\netty-codec-4.1.53.Final.jar;C:\Users\karth\.m2\repository\io\netty\netty-transport-native-epoll\4.1.53.Final\netty-transport-native-epoll-4.1.53.Final.jar;C:\Users\karth\.m2\repository\io\netty\netty-transport-native-unix-common\4.1.53.Final\netty-transport-native-unix-common-4.1.53.Final.jar;C:\Users\karth\.m2\repository\commons-cli\commons-cli\1.4\commons-cli-1.4.jar;C:\Users\karth\.m2\repository\org\apache\kafka\kafka_2.12\2.5.1\kafka_2.12-2.5.1-test.jar;C:\Users\karth\.m2\repository\org\scala-lang\scala-library\2.12.11\scala-library-2.12.11.jar;C:\Users\karth\.m2\repository\org\scala-lang\scala-reflect\2.12.11\scala-reflect-2.12.11.jar;C:\Users\karth\.m2\repository\org\junit\jupiter\junit-jupiter-api\5.6.3\junit-jupiter-api-5.6.3.jar;C:\Users\karth\.m2\repository\org\apiguardian\apiguardian-api\1.1.0\apiguardian-api-1.1.0.jar;C:\Users\karth\.m2\repository\org\opentest4j\opentest4j\1.2.0\opentest4j-1.2.0.jar;C:\Users\karth\.m2\repository\org\junit\platform\junit-platform-commons\1.6.3\junit-platform-commons-1.6.3.jar;"/>
    <property name="java.vm.vendor" value="Oracle Corporation"/>
    <property name="sun.arch.data.model" value="64"/>
    <property name="user.variant" value=""/>
    <property name="java.vendor.url" value="https://java.oracle.com/"/>
    <property name="user.timezone" value="Asia/Calcutta"/>
    <property name="os.name" value="Windows 10"/>
    <property name="java.vm.specification.version" value="13"/>
    <property name="sun.java.launcher" value="SUN_STANDARD"/>
    <property name="user.country" value="IN"/>
    <property name="sun.boot.library.path" value="D:\java13\jdk-13.0.2\bin"/>
    <property name="sun.java.command" value="C:\Users\karth\AppData\Local\Temp\surefire9759718272189963781\surefirebooter7064000723766817012.jar C:\Users\karth\AppData\Local\Temp\surefire9759718272189963781 2020-11-15T13-06-05_065-jvmRun1 surefire11417498260886418632tmp surefire_017559014985093012630tmp"/>
    <property name="jdk.debug" value="release"/>
    <property name="surefire.test.class.path" value="D:\springboot-kafka producer\springboot-kafka-producer\target\test-classes;D:\springboot-kafka producer\springboot-kafka-producer\target\classes;C:\Users\karth\.m2\repository\org\springframework\boot\spring-boot-starter-web\2.3.5.RELEASE\spring-boot-starter-web-2.3.5.RELEASE.jar;C:\Users\karth\.m2\repository\org\springframework\boot\spring-boot-starter\2.3.5.RELEASE\spring-boot-starter-2.3.5.RELEASE.jar;C:\Users\karth\.m2\repository\org\springframework\boot\spring-boot\2.3.5.RELEASE\spring-boot-2.3.5.RELEASE.jar;C:\Users\karth\.m2\repository\org\springframework\boot\spring-boot-autoconfigure\2.3.5.RELEASE\spring-boot-autoconfigure-2.3.5.RELEASE.jar;C:\Users\karth\.m2\repository\org\springframework\boot\spring-boot-starter-logging\2.3.5.RELEASE\spring-boot-starter-logging-2.3.5.RELEASE.jar;C:\Users\karth\.m2\repository\ch\qos\logback\logback-classic\1.2.3\logback-classic-1.2.3.jar;C:\Users\karth\.m2\repository\ch\qos\logback\logback-core\1.2.3\logback-core-1.2.3.jar;C:\Users\karth\.m2\repository\org\apache\logging\log4j\log4j-to-slf4j\2.13.3\log4j-to-slf4j-2.13.3.jar;C:\Users\karth\.m2\repository\org\apache\logging\log4j\log4j-api\2.13.3\log4j-api-2.13.3.jar;C:\Users\karth\.m2\repository\org\slf4j\jul-to-slf4j\1.7.30\jul-to-slf4j-1.7.30.jar;C:\Users\karth\.m2\repository\jakarta\annotation\jakarta.annotation-api\1.3.5\jakarta.annotation-api-1.3.5.jar;C:\Users\karth\.m2\repository\org\yaml\snakeyaml\1.26\snakeyaml-1.26.jar;C:\Users\karth\.m2\repository\org\springframework\boot\spring-boot-starter-json\2.3.5.RELEASE\spring-boot-starter-json-2.3.5.RELEASE.jar;C:\Users\karth\.m2\repository\com\fasterxml\jackson\core\jackson-databind\2.11.3\jackson-databind-2.11.3.jar;C:\Users\karth\.m2\repository\com\fasterxml\jackson\core\jackson-annotations\2.11.3\jackson-annotations-2.11.3.jar;C:\Users\karth\.m2\repository\com\fasterxml\jackson\core\jackson-core\2.11.3\jackson-core-2.11.3.jar;C:\Users\karth\.m2\repository\com\fasterxml\jackson\datatype\jackson-datatype-jdk8\2.11.3\jackson-datatype-jdk8-2.11.3.jar;C:\Users\karth\.m2\repository\com\fasterxml\jackson\datatype\jackson-datatype-jsr310\2.11.3\jackson-datatype-jsr310-2.11.3.jar;C:\Users\karth\.m2\repository\com\fasterxml\jackson\module\jackson-module-parameter-names\2.11.3\jackson-module-parameter-names-2.11.3.jar;C:\Users\karth\.m2\repository\org\springframework\boot\spring-boot-starter-tomcat\2.3.5.RELEASE\spring-boot-starter-tomcat-2.3.5.RELEASE.jar;C:\Users\karth\.m2\repository\org\apache\tomcat\embed\tomcat-embed-core\9.0.39\tomcat-embed-core-9.0.39.jar;C:\Users\karth\.m2\repository\org\glassfish\jakarta.el\3.0.3\jakarta.el-3.0.3.jar;C:\Users\karth\.m2\repository\org\apache\tomcat\embed\tomcat-embed-websocket\9.0.39\tomcat-embed-websocket-9.0.39.jar;C:\Users\karth\.m2\repository\org\springframework\spring-web\5.2.10.RELEASE\spring-web-5.2.10.RELEASE.jar;C:\Users\karth\.m2\repository\org\springframework\spring-beans\5.2.10.RELEASE\spring-beans-5.2.10.RELEASE.jar;C:\Users\karth\.m2\repository\org\springframework\spring-webmvc\5.2.10.RELEASE\spring-webmvc-5.2.10.RELEASE.jar;C:\Users\karth\.m2\repository\org\springframework\spring-aop\5.2.10.RELEASE\spring-aop-5.2.10.RELEASE.jar;C:\Users\karth\.m2\repository\org\springframework\spring-expression\5.2.10.RELEASE\spring-expression-5.2.10.RELEASE.jar;C:\Users\karth\.m2\repository\org\springframework\kafka\spring-kafka\2.5.7.RELEASE\spring-kafka-2.5.7.RELEASE.jar;C:\Users\karth\.m2\repository\org\springframework\spring-context\5.2.10.RELEASE\spring-context-5.2.10.RELEASE.jar;C:\Users\karth\.m2\repository\org\springframework\spring-messaging\5.2.10.RELEASE\spring-messaging-5.2.10.RELEASE.jar;C:\Users\karth\.m2\repository\org\springframework\spring-tx\5.2.10.RELEASE\spring-tx-5.2.10.RELEASE.jar;C:\Users\karth\.m2\repository\org\springframework\retry\spring-retry\1.2.5.RELEASE\spring-retry-1.2.5.RELEASE.jar;C:\Users\karth\.m2\repository\org\apache\kafka\kafka-clients\2.5.1\kafka-clients-2.5.1.jar;C:\Users\karth\.m2\repository\com\github\luben\zstd-jni\1.4.4-7\zstd-jni-1.4.4-7.jar;C:\Users\karth\.m2\repository\org\lz4\lz4-java\1.7.1\lz4-java-1.7.1.jar;C:\Users\karth\.m2\repository\org\xerial\snappy\snappy-java\1.1.7.3\snappy-java-1.1.7.3.jar;C:\Users\karth\.m2\repository\org\slf4j\slf4j-api\1.7.30\slf4j-api-1.7.30.jar;C:\Users\karth\.m2\repository\org\springframework\boot\spring-boot-starter-test\2.3.5.RELEASE\spring-boot-starter-test-2.3.5.RELEASE.jar;C:\Users\karth\.m2\repository\org\springframework\boot\spring-boot-test\2.3.5.RELEASE\spring-boot-test-2.3.5.RELEASE.jar;C:\Users\karth\.m2\repository\org\springframework\boot\spring-boot-test-autoconfigure\2.3.5.RELEASE\spring-boot-test-autoconfigure-2.3.5.RELEASE.jar;C:\Users\karth\.m2\repository\com\jayway\jsonpath\json-path\2.4.0\json-path-2.4.0.jar;C:\Users\karth\.m2\repository\net\minidev\json-smart\2.3\json-smart-2.3.jar;C:\Users\karth\.m2\repository\net\minidev\accessors-smart\1.2\accessors-smart-1.2.jar;C:\Users\karth\.m2\repository\org\ow2\asm\asm\5.0.4\asm-5.0.4.jar;C:\Users\karth\.m2\repository\jakarta\xml\bind\jakarta.xml.bind-api\2.3.3\jakarta.xml.bind-api-2.3.3.jar;C:\Users\karth\.m2\repository\jakarta\activation\jakarta.activation-api\1.2.2\jakarta.activation-api-1.2.2.jar;C:\Users\karth\.m2\repository\org\assertj\assertj-core\3.16.1\assertj-core-3.16.1.jar;C:\Users\karth\.m2\repository\org\hamcrest\hamcrest\2.2\hamcrest-2.2.jar;C:\Users\karth\.m2\repository\org\junit\jupiter\junit-jupiter\5.6.3\junit-jupiter-5.6.3.jar;C:\Users\karth\.m2\repository\org\junit\jupiter\junit-jupiter-params\5.6.3\junit-jupiter-params-5.6.3.jar;C:\Users\karth\.m2\repository\org\junit\jupiter\junit-jupiter-engine\5.6.3\junit-jupiter-engine-5.6.3.jar;C:\Users\karth\.m2\repository\org\junit\platform\junit-platform-engine\1.6.3\junit-platform-engine-1.6.3.jar;C:\Users\karth\.m2\repository\org\mockito\mockito-core\3.3.3\mockito-core-3.3.3.jar;C:\Users\karth\.m2\repository\net\bytebuddy\byte-buddy\1.10.17\byte-buddy-1.10.17.jar;C:\Users\karth\.m2\repository\net\bytebuddy\byte-buddy-agent\1.10.17\byte-buddy-agent-1.10.17.jar;C:\Users\karth\.m2\repository\org\objenesis\objenesis\2.6\objenesis-2.6.jar;C:\Users\karth\.m2\repository\org\mockito\mockito-junit-jupiter\3.3.3\mockito-junit-jupiter-3.3.3.jar;C:\Users\karth\.m2\repository\org\skyscreamer\jsonassert\1.5.0\jsonassert-1.5.0.jar;C:\Users\karth\.m2\repository\com\vaadin\external\google\android-json\0.0.20131108.vaadin1\android-json-0.0.20131108.vaadin1.jar;C:\Users\karth\.m2\repository\org\springframework\spring-core\5.2.10.RELEASE\spring-core-5.2.10.RELEASE.jar;C:\Users\karth\.m2\repository\org\springframework\spring-jcl\5.2.10.RELEASE\spring-jcl-5.2.10.RELEASE.jar;C:\Users\karth\.m2\repository\org\springframework\spring-test\5.2.10.RELEASE\spring-test-5.2.10.RELEASE.jar;C:\Users\karth\.m2\repository\org\xmlunit\xmlunit-core\2.7.0\xmlunit-core-2.7.0.jar;C:\Users\karth\.m2\repository\org\springframework\kafka\spring-kafka-test\2.5.7.RELEASE\spring-kafka-test-2.5.7.RELEASE.jar;C:\Users\karth\.m2\repository\org\apache\kafka\kafka-clients\2.5.1\kafka-clients-2.5.1-test.jar;C:\Users\karth\.m2\repository\org\apache\kafka\kafka-streams\2.5.1\kafka-streams-2.5.1.jar;C:\Users\karth\.m2\repository\org\apache\kafka\connect-json\2.5.1\connect-json-2.5.1.jar;C:\Users\karth\.m2\repository\org\apache\kafka\connect-api\2.5.1\connect-api-2.5.1.jar;C:\Users\karth\.m2\repository\org\rocksdb\rocksdbjni\5.18.3\rocksdbjni-5.18.3.jar;C:\Users\karth\.m2\repository\org\apache\kafka\kafka-streams-test-utils\2.5.1\kafka-streams-test-utils-2.5.1.jar;C:\Users\karth\.m2\repository\org\apache\kafka\kafka_2.12\2.5.1\kafka_2.12-2.5.1.jar;C:\Users\karth\.m2\repository\com\fasterxml\jackson\module\jackson-module-scala_2.12\2.11.3\jackson-module-scala_2.12-2.11.3.jar;C:\Users\karth\.m2\repository\com\fasterxml\jackson\module\jackson-module-paranamer\2.11.3\jackson-module-paranamer-2.11.3.jar;C:\Users\karth\.m2\repository\com\thoughtworks\paranamer\paranamer\2.8\paranamer-2.8.jar;C:\Users\karth\.m2\repository\com\fasterxml\jackson\dataformat\jackson-dataformat-csv\2.11.3\jackson-dataformat-csv-2.11.3.jar;C:\Users\karth\.m2\repository\net\sf\jopt-simple\jopt-simple\5.0.4\jopt-simple-5.0.4.jar;C:\Users\karth\.m2\repository\com\yammer\metrics\metrics-core\2.2.0\metrics-core-2.2.0.jar;C:\Users\karth\.m2\repository\org\scala-lang\modules\scala-collection-compat_2.12\2.1.3\scala-collection-compat_2.12-2.1.3.jar;C:\Users\karth\.m2\repository\org\scala-lang\modules\scala-java8-compat_2.12\0.9.0\scala-java8-compat_2.12-0.9.0.jar;C:\Users\karth\.m2\repository\com\typesafe\scala-logging\scala-logging_2.12\3.9.2\scala-logging_2.12-3.9.2.jar;C:\Users\karth\.m2\repository\org\apache\zookeeper\zookeeper\3.5.8\zookeeper-3.5.8.jar;C:\Users\karth\.m2\repository\org\apache\zookeeper\zookeeper-jute\3.5.8\zookeeper-jute-3.5.8.jar;C:\Users\karth\.m2\repository\org\apache\yetus\audience-annotations\0.5.0\audience-annotations-0.5.0.jar;C:\Users\karth\.m2\repository\io\netty\netty-handler\4.1.53.Final\netty-handler-4.1.53.Final.jar;C:\Users\karth\.m2\repository\io\netty\netty-common\4.1.53.Final\netty-common-4.1.53.Final.jar;C:\Users\karth\.m2\repository\io\netty\netty-resolver\4.1.53.Final\netty-resolver-4.1.53.Final.jar;C:\Users\karth\.m2\repository\io\netty\netty-buffer\4.1.53.Final\netty-buffer-4.1.53.Final.jar;C:\Users\karth\.m2\repository\io\netty\netty-transport\4.1.53.Final\netty-transport-4.1.53.Final.jar;C:\Users\karth\.m2\repository\io\netty\netty-codec\4.1.53.Final\netty-codec-4.1.53.Final.jar;C:\Users\karth\.m2\repository\io\netty\netty-transport-native-epoll\4.1.53.Final\netty-transport-native-epoll-4.1.53.Final.jar;C:\Users\karth\.m2\repository\io\netty\netty-transport-native-unix-common\4.1.53.Final\netty-transport-native-unix-common-4.1.53.Final.jar;C:\Users\karth\.m2\repository\commons-cli\commons-cli\1.4\commons-cli-1.4.jar;C:\Users\karth\.m2\repository\org\apache\kafka\kafka_2.12\2.5.1\kafka_2.12-2.5.1-test.jar;C:\Users\karth\.m2\repository\org\scala-lang\scala-library\2.12.11\scala-library-2.12.11.jar;C:\Users\karth\.m2\repository\org\scala-lang\scala-reflect\2.12.11\scala-reflect-2.12.11.jar;C:\Users\karth\.m2\repository\org\junit\jupiter\junit-jupiter-api\5.6.3\junit-jupiter-api-5.6.3.jar;C:\Users\karth\.m2\repository\org\apiguardian\apiguardian-api\1.1.0\apiguardian-api-1.1.0.jar;C:\Users\karth\.m2\repository\org\opentest4j\opentest4j\1.2.0\opentest4j-1.2.0.jar;C:\Users\karth\.m2\repository\org\junit\platform\junit-platform-commons\1.6.3\junit-platform-commons-1.6.3.jar;"/>
    <property name="sun.cpu.endian" value="little"/>
    <property name="user.home" value="C:\Users\karth"/>
    <property name="user.language" value="en"/>
    <property name="java.specification.vendor" value="Oracle Corporation"/>
    <property name="java.version.date" value="2020-01-14"/>
    <property name="java.home" value="D:\java13\jdk-13.0.2"/>
    <property name="file.separator" value="\"/>
    <property name="basedir" value="D:\springboot-kafka producer\springboot-kafka-producer"/>
    <property name="java.vm.compressedOopsMode" value="32-bit"/>
    <property name="line.separator" value="&#10;"/>
    <property name="java.vm.specification.vendor" value="Oracle Corporation"/>
    <property name="java.specification.name" value="Java Platform API Specification"/>
    <property name="surefire.real.class.path" value="C:\Users\karth\AppData\Local\Temp\surefire9759718272189963781\surefirebooter7064000723766817012.jar"/>
    <property name="user.script" value=""/>
    <property name="sun.management.compiler" value="HotSpot 64-Bit Tiered Compilers"/>
    <property name="java.runtime.version" value="13.0.2+8"/>
    <property name="user.name" value="karth"/>
    <property name="path.separator" value=";"/>
    <property name="os.version" value="10.0"/>
    <property name="java.runtime.name" value="Java(TM) SE Runtime Environment"/>
    <property name="file.encoding" value="Cp1252"/>
    <property name="java.vm.name" value="Java HotSpot(TM) 64-Bit Server VM"/>
    <property name="localRepository" value="C:\Users\karth\.m2\repository"/>
    <property name="java.vendor.url.bug" value="https://bugreport.java.com/bugreport/"/>
    <property name="java.io.tmpdir" value="C:\Users\karth\AppData\Local\Temp\"/>
    <property name="idea.version" value="2020.2.3"/>
    <property name="java.version" value="13.0.2"/>
    <property name="user.dir" value="D:\springboot-kafka producer\springboot-kafka-producer"/>
    <property name="os.arch" value="amd64"/>
    <property name="java.vm.specification.name" value="Java Virtual Machine Specification"/>
    <property name="sun.os.patch.level" value=""/>
    <property name="java.library.path" value="D:\java13\jdk-13.0.2\bin;C:\Windows\Sun\Java\bin;C:\Windows\system32;C:\Windows;C:\Windows\system32;C:\Windows;C:\Windows\System32\Wbem;C:\Windows\System32\WindowsPowerShell\v1.0\;C:\Windows\System32\OpenSSH\;C:\Program Files\NVIDIA Corporation\NVIDIA NvDLISR;C:\Program Files\Docker\Docker\resources\bin;C:\ProgramData\DockerDesktop\version-bin;D:\Git\cmd;&quot;C:\Users\karth\AppData\Local\Microsoft\WindowsApps;D:\java13\jdk-13.0.2\bin&quot;;D:\IntelliJ IDEA Community Edition 2020.2.3\bin;;;."/>
    <property name="java.vm.info" value="mixed mode, sharing"/>
    <property name="java.vendor" value="Oracle Corporation"/>
    <property name="java.vm.version" value="13.0.2+8"/>
    <property name="sun.io.unicode.encoding" value="UnicodeLittle"/>
    <property name="java.class.version" value="57.0"/>
  </properties>
  <testcase name="contextLoads" classname="com.example.springbootkafka.producer.SpringbootKafkaProducerApplicationTests" time="0.542"/>
</testsuite>